<?xml version="1.0" encoding="UTF-8"?>
<testng-results skipped="0" failed="1" total="2" passed="1">
  <reporter-output>
  </reporter-output>
  <suite name="Default suite" duration-ms="14129" started-at="2019-02-17T18:19:42Z" finished-at="2019-02-17T18:19:56Z">
    <groups>
    </groups>
    <test name="Default test" duration-ms="14129" started-at="2019-02-17T18:19:42Z" finished-at="2019-02-17T18:19:56Z">
      <class name="DataDrivenPackage.DataDrivenTest">
        <test-method status="PASS" signature="openapplication()[pri:0, instance:DataDrivenPackage.DataDrivenTest@5ba23b66]" name="openapplication" is-config="true" duration-ms="9555" started-at="2019-02-17T13:19:42Z" finished-at="2019-02-17T13:19:51Z">
          <reporter-output>
          </reporter-output>
        </test-method> <!-- openapplication -->
        <test-method status="PASS" signature="VerifyRegiterLinkTest()[pri:0, instance:DataDrivenPackage.DataDrivenTest@5ba23b66]" name="VerifyRegiterLinkTest" duration-ms="3643" started-at="2019-02-17T13:19:51Z" finished-at="2019-02-17T13:19:55Z">
          <reporter-output>
          </reporter-output>
        </test-method> <!-- VerifyRegiterLinkTest -->
        <test-method status="FAIL" signature="VerifyUserRegistrationTest()[pri:1, instance:DataDrivenPackage.DataDrivenTest@5ba23b66]" name="VerifyUserRegistrationTest" duration-ms="2" started-at="2019-02-17T13:19:55Z" finished-at="2019-02-17T13:19:55Z">
          <exception class="java.io.FileNotFoundException">
            <message>
              <![CDATA[D:\Selenium - Java1\Scripts\SeleniumDataDriven\Registration.xlsx (The system cannot find the path specified)]]>
            </message>
            <full-stacktrace>
              <![CDATA[java.io.FileNotFoundException: D:\Selenium - Java1\Scripts\SeleniumDataDriven\Registration.xlsx (The system cannot find the path specified)
	at java.io.FileInputStream.open0(Native Method)
	at java.io.FileInputStream.open(FileInputStream.java:195)
	at java.io.FileInputStream.<init>(FileInputStream.java:138)
	at DataDrivenPackage.DataDrivenTest.VerifyUserRegistrationTest(DataDrivenTest.java:58)
	at sun.reflect.NativeMethodAccessorImpl.invoke0(Native Method)
	at sun.reflect.NativeMethodAccessorImpl.invoke(NativeMethodAccessorImpl.java:62)
	at sun.reflect.DelegatingMethodAccessorImpl.invoke(DelegatingMethodAccessorImpl.java:43)
	at java.lang.reflect.Method.invoke(Method.java:497)
	at org.testng.internal.MethodInvocationHelper.invokeMethod(MethodInvocationHelper.java:85)
	at org.testng.internal.Invoker.invokeMethod(Invoker.java:639)
	at org.testng.internal.Invoker.invokeTestMethod(Invoker.java:816)
	at org.testng.internal.Invoker.invokeTestMethods(Invoker.java:1124)
	at org.testng.internal.TestMethodWorker.invokeTestMethods(TestMethodWorker.java:124)
	at org.testng.internal.TestMethodWorker.run(TestMethodWorker.java:108)
	at org.testng.TestRunner.privateRun(TestRunner.java:774)
	at org.testng.TestRunner.run(TestRunner.java:624)
	at org.testng.SuiteRunner.runTest(SuiteRunner.java:359)
	at org.testng.SuiteRunner.runSequentially(SuiteRunner.java:354)
	at org.testng.SuiteRunner.privateRun(SuiteRunner.java:312)
	at org.testng.SuiteRunner.run(SuiteRunner.java:261)
	at org.testng.SuiteRunnerWorker.runSuite(SuiteRunnerWorker.java:52)
	at org.testng.SuiteRunnerWorker.run(SuiteRunnerWorker.java:86)
	at org.testng.TestNG.runSuitesSequentially(TestNG.java:1191)
	at org.testng.TestNG.runSuitesLocally(TestNG.java:1116)
	at org.testng.TestNG.run(TestNG.java:1024)
	at org.testng.remote.RemoteTestNG.run(RemoteTestNG.java:112)
	at org.testng.remote.RemoteTestNG.initAndRun(RemoteTestNG.java:205)
	at org.testng.remote.RemoteTestNG.main(RemoteTestNG.java:176)
]]>
            </full-stacktrace>
          </exception> <!-- java.io.FileNotFoundException -->
          <reporter-output>
          </reporter-output>
        </test-method> <!-- VerifyUserRegistrationTest -->
        <test-method status="PASS" signature="closeapplication()[pri:0, instance:DataDrivenPackage.DataDrivenTest@5ba23b66]" name="closeapplication" is-config="true" duration-ms="904" started-at="2019-02-17T13:19:55Z" finished-at="2019-02-17T13:19:56Z">
          <reporter-output>
          </reporter-output>
        </test-method> <!-- closeapplication -->
      </class> <!-- DataDrivenPackage.DataDrivenTest -->
    </test> <!-- Default test -->
  </suite> <!-- Default suite -->
</testng-results>
